Using pre-set license
Built from '2020.2/release' branch; Version is '2020.2.4f1 (becced5a802b) revision 12504301'; Using compiler version '192528614'; Build Type 'Release'
OS: 'Windows 10 Pro N; OS build 18363.1500; Version 1909; 64bit' Language: 'pl' Physical Memory: 16324 MB
BatchMode: 1, IsHumanControllingUs: 0, StartBugReporterOnCrash: 0, Is64bit: 1, IsPro: 0

 COMMAND LINE ARGUMENTS:
C:\Program Files\Unity\Hub\Editor\2020.2.4f1\Editor\Unity.exe
-adb2
-batchMode
-noUpm
-name
AssetImportWorker0
-projectPath
D:/Repo/main/rogue_like
-logFile
Logs/AssetImportWorker0.log
-srvPort
57884
Successfully changed project path to: D:/Repo/main/rogue_like
D:/Repo/main/rogue_like
Using Asset Import Pipeline V2.
Refreshing native plugins compatible for Editor in 31.82 ms, found 1 plugins.
Preloading 0 native plugins for Editor in 0.00 ms.
Initialize engine version: 2020.2.4f1 (becced5a802b)
[Subsystems] Discovering subsystems at path C:/Program Files/Unity/Hub/Editor/2020.2.4f1/Editor/Data/Resources/UnitySubsystems
[Subsystems] Discovering subsystems at path D:/Repo/main/rogue_like/Assets
GfxDevice: creating device client; threaded=0
Direct3D:
    Version:  Direct3D 11.0 [level 11.1]
    Renderer: NVIDIA GeForce RTX 2060 (ID=0x1f08)
    Vendor:   
    VRAM:     5980 MB
    Driver:   27.21.14.6109
Initialize mono
Mono path[0] = 'C:/Program Files/Unity/Hub/Editor/2020.2.4f1/Editor/Data/Managed'
Mono path[1] = 'C:/Program Files/Unity/Hub/Editor/2020.2.4f1/Editor/Data/MonoBleedingEdge/lib/mono/unityjit'
Mono config path = 'C:/Program Files/Unity/Hub/Editor/2020.2.4f1/Editor/Data/MonoBleedingEdge/etc'
Using monoOptions --debugger-agent=transport=dt_socket,embedding=1,server=y,suspend=n,address=127.0.0.1:56448
Begin MonoManager ReloadAssembly
Registering precompiled unity dll's ...
Register platform support module: C:/Program Files/Unity/Hub/Editor/2020.2.4f1/Editor/Data/PlaybackEngines/WindowsStandaloneSupport/UnityEditor.WindowsStandalone.Extensions.dll
Registered in 0.001459 seconds.
Native extension for WindowsStandalone target not found
Refreshing native plugins compatible for Editor in 32.16 ms, found 1 plugins.
Preloading 0 native plugins for Editor in 0.00 ms.
Invoked RoslynAnalysisRunner static constructor.
RoslynAnalysisRunner will not be running.
RoslynAnalysisRunner has terminated.
Mono: successfully reloaded assembly
- Completed reload, in  1.441 seconds
Platform modules already initialized, skipping
Registering precompiled user dll's ...
Registered in 0.000500 seconds.
Begin MonoManager ReloadAssembly
Native extension for WindowsStandalone target not found
Refreshing native plugins compatible for Editor in 32.65 ms, found 1 plugins.
Preloading 0 native plugins for Editor in 0.00 ms.
Invoked RoslynAnalysisRunner static constructor.
RoslynAnalysisRunner will not be running.
RoslynAnalysisRunner has terminated.
Mono: successfully reloaded assembly
- Completed reload, in  0.779 seconds
Platform modules already initialized, skipping
========================================================================
Worker process is ready to serve import requests
Launched and connected shader compiler UnityShaderCompiler.exe after 0.03 seconds
Refreshing native plugins compatible for Editor in 0.51 ms, found 1 plugins.
Preloading 0 native plugins for Editor in 0.00 ms.
Unloading 1947 Unused Serialized files (Serialized files now loaded: 0)
System memory in use before: 89.4 MB.
System memory in use after: 89.3 MB.

Unloading 25 unused Assets to reduce memory usage. Loaded Objects now: 2388.
Total: 2.327800 ms (FindLiveObjects: 0.318500 ms CreateObjectMapping: 0.056500 ms MarkObjects: 1.834600 ms  DeleteObjects: 0.117000 ms)

========================================================================
Received Import Request.
  path: Assets/custom_assets/bullet.prefab
  artifactKey: Guid(f8985b9a11885e84480223827b18bcc7) Importer(815301076,1909f56bfc062723c751e8b465ee728b)
Start importing Assets/custom_assets/bullet.prefab using Guid(f8985b9a11885e84480223827b18bcc7) Importer(815301076,1909f56bfc062723c751e8b465ee728b)  -> (artifact id: 'b73d5fd6c4112626cc418e3e5df690af') in 0.085628 seconds
  Import took 0.088703 seconds .

========================================================================
Received Import Request.
  Time since last request: 0.028061 seconds.
  path: Assets/custom_assets/bullet.prefab
  artifactKey: Guid(f8985b9a11885e84480223827b18bcc7) Importer(815301076,1909f56bfc062723c751e8b465ee728b)
Start importing Assets/custom_assets/bullet.prefab using Guid(f8985b9a11885e84480223827b18bcc7) Importer(815301076,1909f56bfc062723c751e8b465ee728b)  -> (artifact id: 'b73d5fd6c4112626cc418e3e5df690af') in 0.005925 seconds
  Import took 0.009256 seconds .

========================================================================
Received Prepare
Registering precompiled user dll's ...
Registered in 0.000664 seconds.
Begin MonoManager ReloadAssembly
Native extension for WindowsStandalone target not found
Refreshing native plugins compatible for Editor in 0.36 ms, found 1 plugins.
Preloading 0 native plugins for Editor in 0.00 ms.
Invoked RoslynAnalysisRunner static constructor.
RoslynAnalysisRunner will not be running.
RoslynAnalysisRunner has terminated.
Mono: successfully reloaded assembly
- Completed reload, in  0.674 seconds
Platform modules already initialized, skipping
Refreshing native plugins compatible for Editor in 0.40 ms, found 1 plugins.
Preloading 0 native plugins for Editor in 0.00 ms.
Unloading 1940 Unused Serialized files (Serialized files now loaded: 0)
System memory in use before: 92.4 MB.
System memory in use after: 92.3 MB.

Unloading 13 unused Assets to reduce memory usage. Loaded Objects now: 2398.
Total: 2.031400 ms (FindLiveObjects: 0.179500 ms CreateObjectMapping: 0.044700 ms MarkObjects: 1.709200 ms  DeleteObjects: 0.097200 ms)

========================================================================
Received Import Request.
  Time since last request: 3068.681043 seconds.
  path: Assets/custom_assets/ak47.png
  artifactKey: Guid(4037556634d3b9b41b65c47b0e016595) Importer(815301076,1909f56bfc062723c751e8b465ee728b)
Start importing Assets/custom_assets/ak47.png using Guid(4037556634d3b9b41b65c47b0e016595) Importer(815301076,1909f56bfc062723c751e8b465ee728b)  -> (artifact id: '79ae96064cc93beb4e70797b01bfc99f') in 0.058810 seconds
  Import took 0.062014 seconds .

========================================================================
Received Import Request.
  Time since last request: 5.459316 seconds.
  path: Assets/custom_assets/ak47.png
  artifactKey: Guid(4037556634d3b9b41b65c47b0e016595) Importer(815301076,1909f56bfc062723c751e8b465ee728b)
Start importing Assets/custom_assets/ak47.png using Guid(4037556634d3b9b41b65c47b0e016595) Importer(815301076,1909f56bfc062723c751e8b465ee728b)  -> (artifact id: '9ccddc687f2f95ef7dd7258a626e3a60') in 0.010524 seconds
  Import took 0.013302 seconds .

========================================================================
Received Import Request.
  Time since last request: 29.267433 seconds.
  path: Assets/custom_assets/ak47.png
  artifactKey: Guid(4037556634d3b9b41b65c47b0e016595) Importer(815301076,1909f56bfc062723c751e8b465ee728b)
Start importing Assets/custom_assets/ak47.png using Guid(4037556634d3b9b41b65c47b0e016595) Importer(815301076,1909f56bfc062723c751e8b465ee728b)  -> (artifact id: '6070cd0914e8cf2ae2c4106c18967b6c') in 0.015251 seconds
  Import took 0.018301 seconds .

========================================================================
Received Prepare
Registering precompiled user dll's ...
Registered in 0.000596 seconds.
Begin MonoManager ReloadAssembly
Native extension for WindowsStandalone target not found
Refreshing native plugins compatible for Editor in 0.40 ms, found 1 plugins.
Preloading 0 native plugins for Editor in 0.00 ms.
Invoked RoslynAnalysisRunner static constructor.
RoslynAnalysisRunner will not be running.
RoslynAnalysisRunner has terminated.
Mono: successfully reloaded assembly
- Completed reload, in  0.690 seconds
Platform modules already initialized, skipping
Refreshing native plugins compatible for Editor in 0.38 ms, found 1 plugins.
Preloading 0 native plugins for Editor in 0.00 ms.
Unloading 1940 Unused Serialized files (Serialized files now loaded: 0)
System memory in use before: 92.4 MB.
System memory in use after: 92.4 MB.

Unloading 13 unused Assets to reduce memory usage. Loaded Objects now: 2405.
Total: 1.999100 ms (FindLiveObjects: 0.211600 ms CreateObjectMapping: 0.049400 ms MarkObjects: 1.637700 ms  DeleteObjects: 0.099500 ms)

========================================================================
Received Import Request.
  Time since last request: 8109.433303 seconds.
  path: Assets/custom_assets/m417.png
  artifactKey: Guid(819909d628920644786a1d89a6002c78) Importer(815301076,1909f56bfc062723c751e8b465ee728b)
Start importing Assets/custom_assets/m417.png using Guid(819909d628920644786a1d89a6002c78) Importer(815301076,1909f56bfc062723c751e8b465ee728b)  -> (artifact id: 'fd1396706253f12788cc2edad974fb0b') in 0.054436 seconds
  Import took 0.057657 seconds .

========================================================================
Received Import Request.
  Time since last request: 10.715717 seconds.
  path: Assets/custom_assets/m417.png
  artifactKey: Guid(819909d628920644786a1d89a6002c78) Importer(815301076,1909f56bfc062723c751e8b465ee728b)
Start importing Assets/custom_assets/m417.png using Guid(819909d628920644786a1d89a6002c78) Importer(815301076,1909f56bfc062723c751e8b465ee728b)  -> (artifact id: 'bb5d2a73d0fa090444cbd83b27449d3c') in 0.012014 seconds
  Import took 0.014948 seconds .

========================================================================
Received Prepare
Registering precompiled user dll's ...
Registered in 0.000648 seconds.
Begin MonoManager ReloadAssembly
Native extension for WindowsStandalone target not found
Refreshing native plugins compatible for Editor in 0.36 ms, found 1 plugins.
Preloading 0 native plugins for Editor in 0.00 ms.
Invoked RoslynAnalysisRunner static constructor.
RoslynAnalysisRunner will not be running.
RoslynAnalysisRunner has terminated.
Mono: successfully reloaded assembly
- Completed reload, in  0.686 seconds
Platform modules already initialized, skipping
Refreshing native plugins compatible for Editor in 0.38 ms, found 1 plugins.
Preloading 0 native plugins for Editor in 0.00 ms.
Unloading 1940 Unused Serialized files (Serialized files now loaded: 0)
System memory in use before: 92.4 MB.
System memory in use after: 92.4 MB.

Unloading 13 unused Assets to reduce memory usage. Loaded Objects now: 2411.
Total: 1.745400 ms (FindLiveObjects: 0.171900 ms CreateObjectMapping: 0.044800 ms MarkObjects: 1.431800 ms  DeleteObjects: 0.095900 ms)

========================================================================
Received Prepare
Registering precompiled user dll's ...
Registered in 0.000701 seconds.
Begin MonoManager ReloadAssembly
Native extension for WindowsStandalone target not found
Refreshing native plugins compatible for Editor in 0.36 ms, found 1 plugins.
Preloading 0 native plugins for Editor in 0.00 ms.
Invoked RoslynAnalysisRunner static constructor.
RoslynAnalysisRunner will not be running.
RoslynAnalysisRunner has terminated.
Mono: successfully reloaded assembly
- Completed reload, in  0.674 seconds
Platform modules already initialized, skipping
Refreshing native plugins compatible for Editor in 0.37 ms, found 1 plugins.
Preloading 0 native plugins for Editor in 0.00 ms.
Unloading 1940 Unused Serialized files (Serialized files now loaded: 0)
System memory in use before: 92.5 MB.
System memory in use after: 92.4 MB.

Unloading 13 unused Assets to reduce memory usage. Loaded Objects now: 2414.
Total: 1.728000 ms (FindLiveObjects: 0.180700 ms CreateObjectMapping: 0.048300 ms MarkObjects: 1.410200 ms  DeleteObjects: 0.087900 ms)

========================================================================
Received Prepare
Registering precompiled user dll's ...
Registered in 0.000637 seconds.
Begin MonoManager ReloadAssembly
Native extension for WindowsStandalone target not found
Refreshing native plugins compatible for Editor in 0.29 ms, found 1 plugins.
Preloading 0 native plugins for Editor in 0.00 ms.
Invoked RoslynAnalysisRunner static constructor.
RoslynAnalysisRunner will not be running.
RoslynAnalysisRunner has terminated.
Mono: successfully reloaded assembly
- Completed reload, in  0.681 seconds
Platform modules already initialized, skipping
Refreshing native plugins compatible for Editor in 0.36 ms, found 1 plugins.
Preloading 0 native plugins for Editor in 0.00 ms.
Unloading 1940 Unused Serialized files (Serialized files now loaded: 0)
System memory in use before: 92.5 MB.
System memory in use after: 92.5 MB.

Unloading 13 unused Assets to reduce memory usage. Loaded Objects now: 2417.
Total: 2.060700 ms (FindLiveObjects: 0.192600 ms CreateObjectMapping: 0.044800 ms MarkObjects: 1.727700 ms  DeleteObjects: 0.094200 ms)

========================================================================
Received Prepare
Registering precompiled user dll's ...
Registered in 0.000699 seconds.
Begin MonoManager ReloadAssembly
Native extension for WindowsStandalone target not found
Refreshing native plugins compatible for Editor in 0.36 ms, found 1 plugins.
Preloading 0 native plugins for Editor in 0.00 ms.
Invoked RoslynAnalysisRunner static constructor.
RoslynAnalysisRunner will not be running.
RoslynAnalysisRunner has terminated.
Mono: successfully reloaded assembly
- Completed reload, in  0.675 seconds
Platform modules already initialized, skipping
Refreshing native plugins compatible for Editor in 0.35 ms, found 1 plugins.
Preloading 0 native plugins for Editor in 0.00 ms.
Unloading 1940 Unused Serialized files (Serialized files now loaded: 0)
System memory in use before: 92.5 MB.
System memory in use after: 92.5 MB.

Unloading 13 unused Assets to reduce memory usage. Loaded Objects now: 2420.
Total: 1.790400 ms (FindLiveObjects: 0.225500 ms CreateObjectMapping: 0.044600 ms MarkObjects: 1.418200 ms  DeleteObjects: 0.100900 ms)

========================================================================
Received Import Request.
  Time since last request: 433.393368 seconds.
  path: Assets/custom_assets/WeaponHandler.prefab
  artifactKey: Guid(0c4aa311173cac447b475efc5dd902f2) Importer(815301076,1909f56bfc062723c751e8b465ee728b)
Start importing Assets/custom_assets/WeaponHandler.prefab using Guid(0c4aa311173cac447b475efc5dd902f2) Importer(815301076,1909f56bfc062723c751e8b465ee728b)  -> (artifact id: '1e3a1cbf9b3e70e46d508afd256abccd') in 0.045820 seconds
  Import took 0.048988 seconds .

========================================================================
Received Import Request.
  Time since last request: 18.595181 seconds.
  path: Assets/custom_assets/M417_PREFAB.prefab
  artifactKey: Guid(0c4aa311173cac447b475efc5dd902f2) Importer(815301076,1909f56bfc062723c751e8b465ee728b)
Start importing Assets/custom_assets/M417_PREFAB.prefab using Guid(0c4aa311173cac447b475efc5dd902f2) Importer(815301076,1909f56bfc062723c751e8b465ee728b)  -> (artifact id: '6db24867553979d548d32603fcea5912') in 0.011373 seconds
  Import took 0.014296 seconds .

========================================================================
Received Import Request.
  Time since last request: 14.491762 seconds.
  path: Assets/custom_assets/BULLET_PREFAB.prefab
  artifactKey: Guid(f8985b9a11885e84480223827b18bcc7) Importer(815301076,1909f56bfc062723c751e8b465ee728b)
Start importing Assets/custom_assets/BULLET_PREFAB.prefab using Guid(f8985b9a11885e84480223827b18bcc7) Importer(815301076,1909f56bfc062723c751e8b465ee728b)  -> (artifact id: '83fc81726e16104c3936d41aee661208') in 0.013729 seconds
  Import took 0.016823 seconds .

========================================================================
Received Prepare
Registering precompiled user dll's ...
Registered in 0.000612 seconds.
Begin MonoManager ReloadAssembly
Native extension for WindowsStandalone target not found
Refreshing native plugins compatible for Editor in 0.35 ms, found 1 plugins.
Preloading 0 native plugins for Editor in 0.00 ms.
Invoked RoslynAnalysisRunner static constructor.
RoslynAnalysisRunner will not be running.
RoslynAnalysisRunner has terminated.
Mono: successfully reloaded assembly
- Completed reload, in  0.685 seconds
Platform modules already initialized, skipping
Refreshing native plugins compatible for Editor in 0.35 ms, found 1 plugins.
Preloading 0 native plugins for Editor in 0.00 ms.
Unloading 1941 Unused Serialized files (Serialized files now loaded: 0)
System memory in use before: 92.5 MB.
System memory in use after: 92.5 MB.

Unloading 13 unused Assets to reduce memory usage. Loaded Objects now: 2425.
Total: 1.695700 ms (FindLiveObjects: 0.167500 ms CreateObjectMapping: 0.044300 ms MarkObjects: 1.390800 ms  DeleteObjects: 0.092400 ms)

========================================================================
Received Import Request.
  Time since last request: 2943.378532 seconds.
  path: Assets/custom_assets/BULLET_PREFAB.prefab
  artifactKey: Guid(f8985b9a11885e84480223827b18bcc7) Importer(815301076,1909f56bfc062723c751e8b465ee728b)
Start importing Assets/custom_assets/BULLET_PREFAB.prefab using Guid(f8985b9a11885e84480223827b18bcc7) Importer(815301076,1909f56bfc062723c751e8b465ee728b)  -> (artifact id: 'acc57df2098b5b706d3d1b2bdefb6a7c') in 0.055599 seconds
  Import took 0.058571 seconds .

========================================================================
Received Prepare
Registering precompiled user dll's ...
Registered in 0.000666 seconds.
Begin MonoManager ReloadAssembly
Native extension for WindowsStandalone target not found
Refreshing native plugins compatible for Editor in 0.36 ms, found 1 plugins.
Preloading 0 native plugins for Editor in 0.00 ms.
Invoked RoslynAnalysisRunner static constructor.
RoslynAnalysisRunner will not be running.
RoslynAnalysisRunner has terminated.
Mono: successfully reloaded assembly
- Completed reload, in  0.681 seconds
Platform modules already initialized, skipping
Refreshing native plugins compatible for Editor in 0.37 ms, found 1 plugins.
Preloading 0 native plugins for Editor in 0.00 ms.
Unloading 1941 Unused Serialized files (Serialized files now loaded: 0)
System memory in use before: 92.6 MB.
System memory in use after: 92.5 MB.

Unloading 13 unused Assets to reduce memory usage. Loaded Objects now: 2429.
Total: 1.670200 ms (FindLiveObjects: 0.165300 ms CreateObjectMapping: 0.047900 ms MarkObjects: 1.366100 ms  DeleteObjects: 0.090100 ms)

========================================================================
Received Import Request.
  Time since last request: 8.010702 seconds.
  path: Assets/Scripts/BulletHandler.cs
  artifactKey: Guid(507091af2e895e249a67280d8f2b45e4) Importer(815301076,1909f56bfc062723c751e8b465ee728b)
Start importing Assets/Scripts/BulletHandler.cs using Guid(507091af2e895e249a67280d8f2b45e4) Importer(815301076,1909f56bfc062723c751e8b465ee728b)  -> (artifact id: '687973f9bdf7dc3aacd0eb2f55dbb974') in 0.016870 seconds
  Import took 0.019782 seconds .

========================================================================
Received Prepare
Registering precompiled user dll's ...
Registered in 0.000665 seconds.
Begin MonoManager ReloadAssembly
Native extension for WindowsStandalone target not found
Refreshing native plugins compatible for Editor in 0.36 ms, found 1 plugins.
Preloading 0 native plugins for Editor in 0.00 ms.
Invoked RoslynAnalysisRunner static constructor.
RoslynAnalysisRunner will not be running.
RoslynAnalysisRunner has terminated.
Mono: successfully reloaded assembly
- Completed reload, in  0.679 seconds
Platform modules already initialized, skipping
Refreshing native plugins compatible for Editor in 0.37 ms, found 1 plugins.
Preloading 0 native plugins for Editor in 0.00 ms.
Unloading 1941 Unused Serialized files (Serialized files now loaded: 0)
System memory in use before: 92.6 MB.
System memory in use after: 92.6 MB.

Unloading 13 unused Assets to reduce memory usage. Loaded Objects now: 2432.
Total: 1.904800 ms (FindLiveObjects: 0.194000 ms CreateObjectMapping: 0.053300 ms MarkObjects: 1.538400 ms  DeleteObjects: 0.117800 ms)

========================================================================
Received Import Request.
  Time since last request: 884.181255 seconds.
  path: Assets/Scripts/BulletHandler.cs
  artifactKey: Guid(507091af2e895e249a67280d8f2b45e4) Importer(815301076,1909f56bfc062723c751e8b465ee728b)
Start importing Assets/Scripts/BulletHandler.cs using Guid(507091af2e895e249a67280d8f2b45e4) Importer(815301076,1909f56bfc062723c751e8b465ee728b)  -> (artifact id: 'def3bca2ca96ae57de17b9168fb521fc') in 0.006855 seconds
  Import took 0.009698 seconds .

========================================================================
Received Import Request.
  Time since last request: 2.907939 seconds.
  path: Assets/custom_assets/BULLET_PREFAB.prefab
  artifactKey: Guid(f8985b9a11885e84480223827b18bcc7) Importer(815301076,1909f56bfc062723c751e8b465ee728b)
Start importing Assets/custom_assets/BULLET_PREFAB.prefab using Guid(f8985b9a11885e84480223827b18bcc7) Importer(815301076,1909f56bfc062723c751e8b465ee728b)  -> (artifact id: '289e833db53b416ef592c4ffff0a444a') in 0.048856 seconds
  Import took 0.051781 seconds .

========================================================================
Received Prepare
Registering precompiled user dll's ...
Registered in 0.000624 seconds.
Begin MonoManager ReloadAssembly
Native extension for WindowsStandalone target not found
Refreshing native plugins compatible for Editor in 0.35 ms, found 1 plugins.
Preloading 0 native plugins for Editor in 0.00 ms.
Invoked RoslynAnalysisRunner static constructor.
RoslynAnalysisRunner will not be running.
RoslynAnalysisRunner has terminated.
Mono: successfully reloaded assembly
- Completed reload, in  0.669 seconds
Platform modules already initialized, skipping
Refreshing native plugins compatible for Editor in 0.40 ms, found 1 plugins.
Preloading 0 native plugins for Editor in 0.00 ms.
Unloading 1941 Unused Serialized files (Serialized files now loaded: 0)
System memory in use before: 92.6 MB.
System memory in use after: 92.6 MB.

Unloading 13 unused Assets to reduce memory usage. Loaded Objects now: 2436.
Total: 1.718700 ms (FindLiveObjects: 0.172500 ms CreateObjectMapping: 0.045000 ms MarkObjects: 1.400400 ms  DeleteObjects: 0.099900 ms)

========================================================================
Received Import Request.
  Time since last request: 34.291658 seconds.
  path: Assets/custom_assets/BULLET_PREFAB.prefab
  artifactKey: Guid(f8985b9a11885e84480223827b18bcc7) Importer(815301076,1909f56bfc062723c751e8b465ee728b)
Start importing Assets/custom_assets/BULLET_PREFAB.prefab using Guid(f8985b9a11885e84480223827b18bcc7) Importer(815301076,1909f56bfc062723c751e8b465ee728b)  -> (artifact id: '152796630982af6c806b097385a02320') in 0.045657 seconds
  Import took 0.048941 seconds .

========================================================================
Received Prepare
Registering precompiled user dll's ...
Registered in 0.000605 seconds.
Begin MonoManager ReloadAssembly
Native extension for WindowsStandalone target not found
Refreshing native plugins compatible for Editor in 0.39 ms, found 1 plugins.
Preloading 0 native plugins for Editor in 0.00 ms.
Invoked RoslynAnalysisRunner static constructor.
RoslynAnalysisRunner will not be running.
RoslynAnalysisRunner has terminated.
Mono: successfully reloaded assembly
- Completed reload, in  0.680 seconds
Platform modules already initialized, skipping
Refreshing native plugins compatible for Editor in 0.35 ms, found 1 plugins.
Preloading 0 native plugins for Editor in 0.00 ms.
Unloading 1941 Unused Serialized files (Serialized files now loaded: 0)
System memory in use before: 92.6 MB.
System memory in use after: 92.6 MB.

Unloading 13 unused Assets to reduce memory usage. Loaded Objects now: 2440.
Total: 1.707500 ms (FindLiveObjects: 0.161600 ms CreateObjectMapping: 0.042600 ms MarkObjects: 1.407700 ms  DeleteObjects: 0.094700 ms)

========================================================================
Received Import Request.
  Time since last request: 99.128240 seconds.
  path: Assets/custom_assets/BULLET_PREFAB.prefab
  artifactKey: Guid(f8985b9a11885e84480223827b18bcc7) Importer(815301076,1909f56bfc062723c751e8b465ee728b)
Start importing Assets/custom_assets/BULLET_PREFAB.prefab using Guid(f8985b9a11885e84480223827b18bcc7) Importer(815301076,1909f56bfc062723c751e8b465ee728b)  -> (artifact id: '491b6764fcdc066bc8463c41daeb4a49') in 0.043317 seconds
  Import took 0.046343 seconds .

========================================================================
Received Import Request.
  Time since last request: 1732.361436 seconds.
  path: Assets/custom_assets/Particle System.prefab
  artifactKey: Guid(c45c09994576eda439efaf6add46125a) Importer(815301076,1909f56bfc062723c751e8b465ee728b)
Start importing Assets/custom_assets/Particle System.prefab using Guid(c45c09994576eda439efaf6add46125a) Importer(815301076,1909f56bfc062723c751e8b465ee728b)  -> (artifact id: '53857d9d57bb5a8750267d1849aa9199') in 0.009668 seconds
  Import took 0.012968 seconds .

========================================================================
Received Import Request.
  Time since last request: 0.004699 seconds.
  path: Assets/custom_assets/Particle System.prefab
  artifactKey: Guid(c45c09994576eda439efaf6add46125a) Importer(815301076,1909f56bfc062723c751e8b465ee728b)
Start importing Assets/custom_assets/Particle System.prefab using Guid(c45c09994576eda439efaf6add46125a) Importer(815301076,1909f56bfc062723c751e8b465ee728b)  -> (artifact id: '53857d9d57bb5a8750267d1849aa9199') in 0.002933 seconds
  Import took 0.006038 seconds .

========================================================================
Received Import Request.
  Time since last request: 15.797346 seconds.
  path: Assets/custom_assets/BULLET_HIT_PREFAB.prefab
  artifactKey: Guid(c45c09994576eda439efaf6add46125a) Importer(815301076,1909f56bfc062723c751e8b465ee728b)
Start importing Assets/custom_assets/BULLET_HIT_PREFAB.prefab using Guid(c45c09994576eda439efaf6add46125a) Importer(815301076,1909f56bfc062723c751e8b465ee728b)  -> (artifact id: '55f847ec955a96f36e424fbe16008f86') in 0.007410 seconds
  Import took 0.010538 seconds .

========================================================================
Received Import Request.
  Time since last request: 21.174107 seconds.
  path: Assets/custom_assets/BULLET_PREFAB.prefab
  artifactKey: Guid(f8985b9a11885e84480223827b18bcc7) Importer(815301076,1909f56bfc062723c751e8b465ee728b)
Start importing Assets/custom_assets/BULLET_PREFAB.prefab using Guid(f8985b9a11885e84480223827b18bcc7) Importer(815301076,1909f56bfc062723c751e8b465ee728b)  -> (artifact id: '37e888ca43317377d1e35de2c6a8b01f') in 0.007004 seconds
  Import took 0.009992 seconds .

========================================================================
Received Prepare
Registering precompiled user dll's ...
Registered in 0.000586 seconds.
Begin MonoManager ReloadAssembly
Native extension for WindowsStandalone target not found
Refreshing native plugins compatible for Editor in 0.36 ms, found 1 plugins.
Preloading 0 native plugins for Editor in 0.00 ms.
Invoked RoslynAnalysisRunner static constructor.
RoslynAnalysisRunner will not be running.
RoslynAnalysisRunner has terminated.
Mono: successfully reloaded assembly
- Completed reload, in  0.686 seconds
Platform modules already initialized, skipping
Refreshing native plugins compatible for Editor in 0.35 ms, found 1 plugins.
Preloading 0 native plugins for Editor in 0.00 ms.
Unloading 1941 Unused Serialized files (Serialized files now loaded: 0)
System memory in use before: 92.6 MB.
System memory in use after: 92.6 MB.

Unloading 13 unused Assets to reduce memory usage. Loaded Objects now: 2444.
Total: 1.712400 ms (FindLiveObjects: 0.168000 ms CreateObjectMapping: 0.045100 ms MarkObjects: 1.402000 ms  DeleteObjects: 0.096600 ms)

========================================================================
Received Import Request.
  Time since last request: 57.391767 seconds.
  path: Assets/custom_assets/BULLET_PREFAB.prefab
  artifactKey: Guid(f8985b9a11885e84480223827b18bcc7) Importer(815301076,1909f56bfc062723c751e8b465ee728b)
Start importing Assets/custom_assets/BULLET_PREFAB.prefab using Guid(f8985b9a11885e84480223827b18bcc7) Importer(815301076,1909f56bfc062723c751e8b465ee728b)  -> (artifact id: '9c42603b41c145c52b8d1a14acfc277b') in 0.044273 seconds
  Import took 0.047311 seconds .

========================================================================
Received Prepare
Registering precompiled user dll's ...
Registered in 0.000635 seconds.
Begin MonoManager ReloadAssembly
Native extension for WindowsStandalone target not found
Refreshing native plugins compatible for Editor in 0.36 ms, found 1 plugins.
Preloading 0 native plugins for Editor in 0.00 ms.
Invoked RoslynAnalysisRunner static constructor.
RoslynAnalysisRunner will not be running.
RoslynAnalysisRunner has terminated.
Mono: successfully reloaded assembly
- Completed reload, in  0.672 seconds
Platform modules already initialized, skipping
Refreshing native plugins compatible for Editor in 0.36 ms, found 1 plugins.
Preloading 0 native plugins for Editor in 0.00 ms.
Unloading 1941 Unused Serialized files (Serialized files now loaded: 0)
System memory in use before: 92.6 MB.
System memory in use after: 92.6 MB.

Unloading 13 unused Assets to reduce memory usage. Loaded Objects now: 2448.
Total: 1.738300 ms (FindLiveObjects: 0.172800 ms CreateObjectMapping: 0.052200 ms MarkObjects: 1.417500 ms  DeleteObjects: 0.095000 ms)

========================================================================
Received Import Request.
  Time since last request: 28.514323 seconds.
  path: Assets/custom_assets/BULLET_PREFAB.prefab
  artifactKey: Guid(f8985b9a11885e84480223827b18bcc7) Importer(815301076,1909f56bfc062723c751e8b465ee728b)
Start importing Assets/custom_assets/BULLET_PREFAB.prefab using Guid(f8985b9a11885e84480223827b18bcc7) Importer(815301076,1909f56bfc062723c751e8b465ee728b)  -> (artifact id: '79cf0920df4050123e482aa83f18aeb6') in 0.051883 seconds
  Import took 0.054937 seconds .

========================================================================
Received Import Request.
  Time since last request: 2.161816 seconds.
  path: Assets/custom_assets/BULLET_PREFAB.prefab
  artifactKey: Guid(f8985b9a11885e84480223827b18bcc7) Importer(815301076,1909f56bfc062723c751e8b465ee728b)
Start importing Assets/custom_assets/BULLET_PREFAB.prefab using Guid(f8985b9a11885e84480223827b18bcc7) Importer(815301076,1909f56bfc062723c751e8b465ee728b)  -> (artifact id: 'da4ed552dd027e8302d5383e91953a98') in 0.013024 seconds
  Import took 0.016116 seconds .

========================================================================
Received Prepare
Registering precompiled user dll's ...
Registered in 0.000595 seconds.
Begin MonoManager ReloadAssembly
Native extension for WindowsStandalone target not found
Refreshing native plugins compatible for Editor in 0.39 ms, found 1 plugins.
Preloading 0 native plugins for Editor in 0.00 ms.
Invoked RoslynAnalysisRunner static constructor.
RoslynAnalysisRunner will not be running.
RoslynAnalysisRunner has terminated.
Mono: successfully reloaded assembly
- Completed reload, in  0.687 seconds
Platform modules already initialized, skipping
Refreshing native plugins compatible for Editor in 0.36 ms, found 1 plugins.
Preloading 0 native plugins for Editor in 0.00 ms.
Unloading 1941 Unused Serialized files (Serialized files now loaded: 0)
System memory in use before: 92.6 MB.
System memory in use after: 92.6 MB.

Unloading 13 unused Assets to reduce memory usage. Loaded Objects now: 2452.
Total: 1.711600 ms (FindLiveObjects: 0.189500 ms CreateObjectMapping: 0.042700 ms MarkObjects: 1.388500 ms  DeleteObjects: 0.090000 ms)

========================================================================
Received Prepare
Registering precompiled user dll's ...
Registered in 0.000670 seconds.
Begin MonoManager ReloadAssembly
Native extension for WindowsStandalone target not found
Refreshing native plugins compatible for Editor in 0.36 ms, found 1 plugins.
Preloading 0 native plugins for Editor in 0.00 ms.
Invoked RoslynAnalysisRunner static constructor.
RoslynAnalysisRunner will not be running.
RoslynAnalysisRunner has terminated.
Mono: successfully reloaded assembly
- Completed reload, in  0.669 seconds
Platform modules already initialized, skipping
Refreshing native plugins compatible for Editor in 0.37 ms, found 1 plugins.
Preloading 0 native plugins for Editor in 0.00 ms.
Unloading 1941 Unused Serialized files (Serialized files now loaded: 0)
System memory in use before: 92.6 MB.
System memory in use after: 92.6 MB.

Unloading 13 unused Assets to reduce memory usage. Loaded Objects now: 2455.
Total: 1.850700 ms (FindLiveObjects: 0.183100 ms CreateObjectMapping: 0.051400 ms MarkObjects: 1.511900 ms  DeleteObjects: 0.103500 ms)

========================================================================
Received Prepare
Registering precompiled user dll's ...
Registered in 0.000616 seconds.
Begin MonoManager ReloadAssembly
Native extension for WindowsStandalone target not found
Refreshing native plugins compatible for Editor in 0.39 ms, found 1 plugins.
Preloading 0 native plugins for Editor in 0.00 ms.
Invoked RoslynAnalysisRunner static constructor.
RoslynAnalysisRunner will not be running.
RoslynAnalysisRunner has terminated.
Mono: successfully reloaded assembly
- Completed reload, in  0.686 seconds
Platform modules already initialized, skipping
Refreshing native plugins compatible for Editor in 0.35 ms, found 1 plugins.
Preloading 0 native plugins for Editor in 0.00 ms.
Unloading 1941 Unused Serialized files (Serialized files now loaded: 0)
System memory in use before: 92.7 MB.
System memory in use after: 92.6 MB.

Unloading 13 unused Assets to reduce memory usage. Loaded Objects now: 2458.
Total: 1.743200 ms (FindLiveObjects: 0.183000 ms CreateObjectMapping: 0.045600 ms MarkObjects: 1.415600 ms  DeleteObjects: 0.097900 ms)

========================================================================
Received Import Request.
  Time since last request: 259.038485 seconds.
  path: Assets/custom_assets/BULLET_PREFAB.prefab
  artifactKey: Guid(f8985b9a11885e84480223827b18bcc7) Importer(815301076,1909f56bfc062723c751e8b465ee728b)
Start importing Assets/custom_assets/BULLET_PREFAB.prefab using Guid(f8985b9a11885e84480223827b18bcc7) Importer(815301076,1909f56bfc062723c751e8b465ee728b)  -> (artifact id: 'f5f9e6f871d11f5c9c57bfe6b3fc6dd3') in 0.043703 seconds
  Import took 0.046869 seconds .

========================================================================
Received Prepare
Registering precompiled user dll's ...
Registered in 0.000667 seconds.
Begin MonoManager ReloadAssembly
Native extension for WindowsStandalone target not found
Refreshing native plugins compatible for Editor in 0.39 ms, found 1 plugins.
Preloading 0 native plugins for Editor in 0.00 ms.
Invoked RoslynAnalysisRunner static constructor.
RoslynAnalysisRunner will not be running.
RoslynAnalysisRunner has terminated.
Mono: successfully reloaded assembly
- Completed reload, in  0.749 seconds
Platform modules already initialized, skipping
Refreshing native plugins compatible for Editor in 0.36 ms, found 1 plugins.
Preloading 0 native plugins for Editor in 0.00 ms.
Unloading 1941 Unused Serialized files (Serialized files now loaded: 0)
System memory in use before: 92.7 MB.
System memory in use after: 92.7 MB.

Unloading 13 unused Assets to reduce memory usage. Loaded Objects now: 2462.
Total: 1.941100 ms (FindLiveObjects: 0.170800 ms CreateObjectMapping: 0.043100 ms MarkObjects: 1.627100 ms  DeleteObjects: 0.099300 ms)

========================================================================
Received Prepare
Registering precompiled user dll's ...
Registered in 0.000652 seconds.
Begin MonoManager ReloadAssembly
Native extension for WindowsStandalone target not found
Refreshing native plugins compatible for Editor in 0.41 ms, found 1 plugins.
Preloading 0 native plugins for Editor in 0.00 ms.
Invoked RoslynAnalysisRunner static constructor.
RoslynAnalysisRunner will not be running.
RoslynAnalysisRunner has terminated.
Mono: successfully reloaded assembly
- Completed reload, in  0.710 seconds
Platform modules already initialized, skipping
Refreshing native plugins compatible for Editor in 0.37 ms, found 1 plugins.
Preloading 0 native plugins for Editor in 0.00 ms.
Unloading 1941 Unused Serialized files (Serialized files now loaded: 0)
System memory in use before: 92.7 MB.
System memory in use after: 92.7 MB.

Unloading 13 unused Assets to reduce memory usage. Loaded Objects now: 2465.
Total: 1.790900 ms (FindLiveObjects: 0.201500 ms CreateObjectMapping: 0.045700 ms MarkObjects: 1.440300 ms  DeleteObjects: 0.102200 ms)

========================================================================
Received Prepare
Registering precompiled user dll's ...
Registered in 0.000632 seconds.
Begin MonoManager ReloadAssembly
Native extension for WindowsStandalone target not found
Refreshing native plugins compatible for Editor in 0.37 ms, found 1 plugins.
Preloading 0 native plugins for Editor in 0.00 ms.
Invoked RoslynAnalysisRunner static constructor.
RoslynAnalysisRunner will not be running.
RoslynAnalysisRunner has terminated.
Mono: successfully reloaded assembly
- Completed reload, in  0.681 seconds
Platform modules already initialized, skipping
Refreshing native plugins compatible for Editor in 0.40 ms, found 1 plugins.
Preloading 0 native plugins for Editor in 0.00 ms.
Unloading 1941 Unused Serialized files (Serialized files now loaded: 0)
System memory in use before: 92.7 MB.
System memory in use after: 92.7 MB.

Unloading 13 unused Assets to reduce memory usage. Loaded Objects now: 2468.
Total: 1.742400 ms (FindLiveObjects: 0.179700 ms CreateObjectMapping: 0.043000 ms MarkObjects: 1.419400 ms  DeleteObjects: 0.099600 ms)

========================================================================
Received Prepare
Registering precompiled user dll's ...
Registered in 0.000811 seconds.
Begin MonoManager ReloadAssembly
Native extension for WindowsStandalone target not found
Refreshing native plugins compatible for Editor in 0.56 ms, found 1 plugins.
Preloading 0 native plugins for Editor in 0.00 ms.
Invoked RoslynAnalysisRunner static constructor.
RoslynAnalysisRunner will not be running.
RoslynAnalysisRunner has terminated.
Mono: successfully reloaded assembly
- Completed reload, in  0.782 seconds
Platform modules already initialized, skipping
Refreshing native plugins compatible for Editor in 0.40 ms, found 1 plugins.
Preloading 0 native plugins for Editor in 0.00 ms.
Unloading 1941 Unused Serialized files (Serialized files now loaded: 0)
System memory in use before: 92.7 MB.
System memory in use after: 92.7 MB.

Unloading 13 unused Assets to reduce memory usage. Loaded Objects now: 2471.
Total: 1.945700 ms (FindLiveObjects: 0.222300 ms CreateObjectMapping: 0.044800 ms MarkObjects: 1.537000 ms  DeleteObjects: 0.140600 ms)

========================================================================
Received Prepare
Registering precompiled user dll's ...
Registered in 0.000650 seconds.
Begin MonoManager ReloadAssembly
Native extension for WindowsStandalone target not found
Refreshing native plugins compatible for Editor in 0.38 ms, found 1 plugins.
Preloading 0 native plugins for Editor in 0.00 ms.
Invoked RoslynAnalysisRunner static constructor.
RoslynAnalysisRunner will not be running.
RoslynAnalysisRunner has terminated.
Mono: successfully reloaded assembly
- Completed reload, in  0.781 seconds
Platform modules already initialized, skipping
Refreshing native plugins compatible for Editor in 0.45 ms, found 1 plugins.
Preloading 0 native plugins for Editor in 0.00 ms.
Unloading 1941 Unused Serialized files (Serialized files now loaded: 0)
System memory in use before: 92.7 MB.
System memory in use after: 92.7 MB.

Unloading 13 unused Assets to reduce memory usage. Loaded Objects now: 2474.
Total: 1.893100 ms (FindLiveObjects: 0.212500 ms CreateObjectMapping: 0.045700 ms MarkObjects: 1.524000 ms  DeleteObjects: 0.110100 ms)

========================================================================
Received Prepare
Registering precompiled user dll's ...
Registered in 0.000872 seconds.
Begin MonoManager ReloadAssembly
Native extension for WindowsStandalone target not found
Refreshing native plugins compatible for Editor in 0.43 ms, found 1 plugins.
Preloading 0 native plugins for Editor in 0.00 ms.
Invoked RoslynAnalysisRunner static constructor.
RoslynAnalysisRunner will not be running.
RoslynAnalysisRunner has terminated.
Mono: successfully reloaded assembly
- Completed reload, in  0.845 seconds
Platform modules already initialized, skipping
Refreshing native plugins compatible for Editor in 0.40 ms, found 1 plugins.
Preloading 0 native plugins for Editor in 0.00 ms.
Unloading 1941 Unused Serialized files (Serialized files now loaded: 0)
System memory in use before: 92.7 MB.
System memory in use after: 92.7 MB.

Unloading 13 unused Assets to reduce memory usage. Loaded Objects now: 2477.
Total: 2.281600 ms (FindLiveObjects: 0.274300 ms CreateObjectMapping: 0.047200 ms MarkObjects: 1.783600 ms  DeleteObjects: 0.175400 ms)

========================================================================
Received Prepare
Registering precompiled user dll's ...
Registered in 0.000625 seconds.
Begin MonoManager ReloadAssembly
Native extension for WindowsStandalone target not found
Refreshing native plugins compatible for Editor in 0.49 ms, found 1 plugins.
Preloading 0 native plugins for Editor in 0.00 ms.
Invoked RoslynAnalysisRunner static constructor.
RoslynAnalysisRunner will not be running.
RoslynAnalysisRunner has terminated.
Mono: successfully reloaded assembly
- Completed reload, in  0.788 seconds
Platform modules already initialized, skipping
Refreshing native plugins compatible for Editor in 0.38 ms, found 1 plugins.
Preloading 0 native plugins for Editor in 0.00 ms.
Unloading 1941 Unused Serialized files (Serialized files now loaded: 0)
System memory in use before: 92.7 MB.
System memory in use after: 92.7 MB.

Unloading 13 unused Assets to reduce memory usage. Loaded Objects now: 2480.
Total: 2.087200 ms (FindLiveObjects: 0.287600 ms CreateObjectMapping: 0.053000 ms MarkObjects: 1.632700 ms  DeleteObjects: 0.112800 ms)

========================================================================
Received Prepare
Registering precompiled user dll's ...
Registered in 0.000835 seconds.
Begin MonoManager ReloadAssembly
Native extension for WindowsStandalone target not found
Refreshing native plugins compatible for Editor in 0.40 ms, found 1 plugins.
Preloading 0 native plugins for Editor in 0.00 ms.
Invoked RoslynAnalysisRunner static constructor.
RoslynAnalysisRunner will not be running.
RoslynAnalysisRunner has terminated.
Mono: successfully reloaded assembly
- Completed reload, in  0.883 seconds
Platform modules already initialized, skipping
Refreshing native plugins compatible for Editor in 0.43 ms, found 1 plugins.
Preloading 0 native plugins for Editor in 0.00 ms.
Unloading 1941 Unused Serialized files (Serialized files now loaded: 0)
System memory in use before: 92.7 MB.
System memory in use after: 92.7 MB.

Unloading 13 unused Assets to reduce memory usage. Loaded Objects now: 2483.
Total: 2.057400 ms (FindLiveObjects: 0.227900 ms CreateObjectMapping: 0.046600 ms MarkObjects: 1.626000 ms  DeleteObjects: 0.155900 ms)

========================================================================
Received Prepare
Registering precompiled user dll's ...
Registered in 0.000674 seconds.
Begin MonoManager ReloadAssembly
Native extension for WindowsStandalone target not found
Refreshing native plugins compatible for Editor in 0.42 ms, found 1 plugins.
Preloading 0 native plugins for Editor in 0.00 ms.
Invoked RoslynAnalysisRunner static constructor.
RoslynAnalysisRunner will not be running.
RoslynAnalysisRunner has terminated.
Mono: successfully reloaded assembly
- Completed reload, in  0.704 seconds
Platform modules already initialized, skipping
Refreshing native plugins compatible for Editor in 0.36 ms, found 1 plugins.
Preloading 0 native plugins for Editor in 0.00 ms.
Unloading 1941 Unused Serialized files (Serialized files now loaded: 0)
System memory in use before: 92.7 MB.
System memory in use after: 92.7 MB.

Unloading 13 unused Assets to reduce memory usage. Loaded Objects now: 2486.
Total: 1.767000 ms (FindLiveObjects: 0.184600 ms CreateObjectMapping: 0.045200 ms MarkObjects: 1.440700 ms  DeleteObjects: 0.095400 ms)

========================================================================
Received Prepare
Registering precompiled user dll's ...
Registered in 0.000664 seconds.
Begin MonoManager ReloadAssembly
Native extension for WindowsStandalone target not found
Refreshing native plugins compatible for Editor in 0.36 ms, found 1 plugins.
Preloading 0 native plugins for Editor in 0.00 ms.
Invoked RoslynAnalysisRunner static constructor.
RoslynAnalysisRunner will not be running.
RoslynAnalysisRunner has terminated.
Mono: successfully reloaded assembly
- Completed reload, in  0.718 seconds
Platform modules already initialized, skipping
Refreshing native plugins compatible for Editor in 0.37 ms, found 1 plugins.
Preloading 0 native plugins for Editor in 0.00 ms.
Unloading 1941 Unused Serialized files (Serialized files now loaded: 0)
System memory in use before: 92.7 MB.
System memory in use after: 92.7 MB.

Unloading 13 unused Assets to reduce memory usage. Loaded Objects now: 2489.
Total: 2.263900 ms (FindLiveObjects: 0.204200 ms CreateObjectMapping: 0.045200 ms MarkObjects: 1.871800 ms  DeleteObjects: 0.141800 ms)

AssetImportWorkerClient::OnTransportError - code=2 error=End of file
