Using pre-set license
Built from '2020.2/release' branch; Version is '2020.2.4f1 (becced5a802b) revision 12504301'; Using compiler version '192528614'; Build Type 'Release'
OS: 'Windows 10 Pro N; OS build 18363.1440; Version 1909; 64bit' Language: 'pl' Physical Memory: 16324 MB
BatchMode: 1, IsHumanControllingUs: 0, StartBugReporterOnCrash: 0, Is64bit: 1, IsPro: 0

 COMMAND LINE ARGUMENTS:
C:\Program Files\Unity\Hub\Editor\2020.2.4f1\Editor\Unity.exe
-adb2
-batchMode
-noUpm
-name
AssetImportWorker0
-projectPath
D:/Repo/main/rogue_like
-logFile
Logs/AssetImportWorker0.log
-srvPort
54933
Successfully changed project path to: D:/Repo/main/rogue_like
D:/Repo/main/rogue_like
Using Asset Import Pipeline V2.
Refreshing native plugins compatible for Editor in 36.86 ms, found 1 plugins.
Preloading 0 native plugins for Editor in 0.00 ms.
Initialize engine version: 2020.2.4f1 (becced5a802b)
[Subsystems] Discovering subsystems at path C:/Program Files/Unity/Hub/Editor/2020.2.4f1/Editor/Data/Resources/UnitySubsystems
[Subsystems] Discovering subsystems at path D:/Repo/main/rogue_like/Assets
GfxDevice: creating device client; threaded=0
Direct3D:
    Version:  Direct3D 11.0 [level 11.1]
    Renderer: NVIDIA GeForce RTX 2060 (ID=0x1f08)
    Vendor:   
    VRAM:     5980 MB
    Driver:   27.21.14.6109
Initialize mono
Mono path[0] = 'C:/Program Files/Unity/Hub/Editor/2020.2.4f1/Editor/Data/Managed'
Mono path[1] = 'C:/Program Files/Unity/Hub/Editor/2020.2.4f1/Editor/Data/MonoBleedingEdge/lib/mono/unityjit'
Mono config path = 'C:/Program Files/Unity/Hub/Editor/2020.2.4f1/Editor/Data/MonoBleedingEdge/etc'
Using monoOptions --debugger-agent=transport=dt_socket,embedding=1,server=y,suspend=n,address=127.0.0.1:56464
Begin MonoManager ReloadAssembly
Registering precompiled unity dll's ...
Register platform support module: C:/Program Files/Unity/Hub/Editor/2020.2.4f1/Editor/Data/PlaybackEngines/WindowsStandaloneSupport/UnityEditor.WindowsStandalone.Extensions.dll
Registered in 0.001480 seconds.
Native extension for WindowsStandalone target not found
Refreshing native plugins compatible for Editor in 34.28 ms, found 1 plugins.
Preloading 0 native plugins for Editor in 0.00 ms.
Invoked RoslynAnalysisRunner static constructor.
RoslynAnalysisRunner will not be running.
RoslynAnalysisRunner has terminated.
Mono: successfully reloaded assembly
- Completed reload, in  1.573 seconds
Platform modules already initialized, skipping
Registering precompiled user dll's ...
Registered in 0.000530 seconds.
Begin MonoManager ReloadAssembly
Native extension for WindowsStandalone target not found
Refreshing native plugins compatible for Editor in 35.06 ms, found 1 plugins.
Preloading 0 native plugins for Editor in 0.00 ms.
Invoked RoslynAnalysisRunner static constructor.
RoslynAnalysisRunner will not be running.
RoslynAnalysisRunner has terminated.
Mono: successfully reloaded assembly
- Completed reload, in  0.765 seconds
Platform modules already initialized, skipping
========================================================================
Worker process is ready to serve import requests
Launched and connected shader compiler UnityShaderCompiler.exe after 0.04 seconds
Refreshing native plugins compatible for Editor in 0.37 ms, found 1 plugins.
Preloading 0 native plugins for Editor in 0.00 ms.
Unloading 1804 Unused Serialized files (Serialized files now loaded: 0)
System memory in use before: 84.7 MB.
System memory in use after: 84.6 MB.

Unloading 24 unused Assets to reduce memory usage. Loaded Objects now: 2245.
Total: 2.415000 ms (FindLiveObjects: 0.284400 ms CreateObjectMapping: 0.044300 ms MarkObjects: 1.968400 ms  DeleteObjects: 0.116100 ms)

========================================================================
Received Import Request.
  path: Assets/doggo.psd
  artifactKey: Guid(5aba53ecf1479434fae14526300f1815) Importer(815301076,1909f56bfc062723c751e8b465ee728b)
Start importing Assets/doggo.psd using Guid(5aba53ecf1479434fae14526300f1815) Importer(815301076,1909f56bfc062723c751e8b465ee728b)  -> (artifact id: 'ba1578b8f62eac43cd4cfb92339d1e11') in 0.081109 seconds
  Import took 0.084036 seconds .

========================================================================
Received Import Request.
  Time since last request: 22.481004 seconds.
  path: Assets/doggo.psd
  artifactKey: Guid(5aba53ecf1479434fae14526300f1815) Importer(815301076,1909f56bfc062723c751e8b465ee728b)
Start importing Assets/doggo.psd using Guid(5aba53ecf1479434fae14526300f1815) Importer(815301076,1909f56bfc062723c751e8b465ee728b)  -> (artifact id: 'fd6fe28054f4aae3b971c03cac655866') in 0.008254 seconds
  Import took 0.011304 seconds .

========================================================================
Received Import Request.
  Time since last request: 74.704875 seconds.
  path: Assets/doggo.png
  artifactKey: Guid(ff931e47a9234f24796de9e521900003) Importer(815301076,1909f56bfc062723c751e8b465ee728b)
Start importing Assets/doggo.png using Guid(ff931e47a9234f24796de9e521900003) Importer(815301076,1909f56bfc062723c751e8b465ee728b)  -> (artifact id: '267c25b407dc1b21f4f2ba8c12cc7f42') in 0.013315 seconds
  Import took 0.016452 seconds .

========================================================================
Received Import Request.
  Time since last request: 93.739706 seconds.
  path: Assets/doggo.png
  artifactKey: Guid(ff931e47a9234f24796de9e521900003) Importer(815301076,1909f56bfc062723c751e8b465ee728b)
Start importing Assets/doggo.png using Guid(ff931e47a9234f24796de9e521900003) Importer(815301076,1909f56bfc062723c751e8b465ee728b)  -> (artifact id: '79c61ef6fe938d0316f01ef8f1a38c32') in 0.008261 seconds
  Import took 0.011180 seconds .

========================================================================
Received Import Request.
  Time since last request: 358.942399 seconds.
  path: Assets/doggo.png
  artifactKey: Guid(ff931e47a9234f24796de9e521900003) Importer(815301076,1909f56bfc062723c751e8b465ee728b)
Start importing Assets/doggo.png using Guid(ff931e47a9234f24796de9e521900003) Importer(815301076,1909f56bfc062723c751e8b465ee728b)  -> (artifact id: '9825a29601283b22703551f87864740e') in 0.035138 seconds
  Import took 0.038179 seconds .

========================================================================
Received Import Request.
  Time since last request: 9.830509 seconds.
  path: Assets/doggo.png
  artifactKey: Guid(ff931e47a9234f24796de9e521900003) Importer(815301076,1909f56bfc062723c751e8b465ee728b)
Start importing Assets/doggo.png using Guid(ff931e47a9234f24796de9e521900003) Importer(815301076,1909f56bfc062723c751e8b465ee728b)  -> (artifact id: '48e06bdb482ce6278d9e54560f59c0da') in 0.015784 seconds
  Import took 0.018746 seconds .

AssetImportWorkerClient::OnTransportError - code=2 error=End of file
